		Initializing .... 

Total memory allocated = 5452148
		Begin Printing Seed information

Seed point: 12 15 	Path 0 0 	User path -1 -1 -1

---------------------

Print path: 



[12 15] 

		Begin Printing Seed information

Seed point: 12 15 	Path 0 0 	User path 0 94 0

Seed point: 12 15 	Path 1 1 	User path 94 94 94

---------------------

Print path: 



[12 15] [12 15] 

User path


[12 15] [12 15] [12 15] [12 15] [12 15] [12 14] [12 14] 
[12 14] [12 14] [12 13] [12 13] [12 13] [12 12] [12 12] 
[12 12] [12 12] [12 11] [12 11] [12 11] [12 11] [12 11] 
[12 11] [12 10] [12 10] [12 10] [12 10] [12 10] [12 10] 
[12 9] [12 9] [12 9] [12 9] [12 9] [12 8] [12 8] 
[12 8] [12 8] [12 8] [12 8] [12 8] [12 9] [12 9] 
[12 9] [12 9] [12 9] [12 9] [12 10] [12 10] [12 10] 
[12 10] [12 10] [12 10] [12 11] [12 11] [12 11] [12 11] 
[12 11] [12 12] [12 12] [12 12] [12 12] [12 13] [12 13] 
[12 13] [12 12] [12 12] [12 12] [12 12] [12 12] [12 12] 
[12 12] [12 13] [12 13] [12 13] [12 13] [12 13] [12 13] 
[12 13] [12 14] [12 14] [12 14] [12 14] [12 15] [12 15] 
[12 15] [12 15] [13 15] [13 15] [13 16] [13 16] [13 16] 
[12 16] [12 15] [12 15] [12 15] 

		Begin Printing Seed information

Seed point: 12 15 	Path 0 0 	User path 0 94 0

Seed point: 12 15 	Path 1 1 	User path 94 95 94

Seed point: 12 15 	Path 2 2 	User path 95 95 95

---------------------

Print path: 



[12 15] [12 15] [12 15] 

